\BOOKMARK [0][-]{Doc-Start}{Abstract}{}% 1
\BOOKMARK [0][-]{Doc-Start}{Sammanfattning}{}% 2
\BOOKMARK [0][-]{chapter*.1}{Preface}{}% 3
\BOOKMARK [0][-]{chapter*.1}{Contents}{}% 4
\BOOKMARK [0][-]{chapter*.2}{Nomenclature}{}% 5
\BOOKMARK [0][-]{chapter.1}{Introduction}{}% 6
\BOOKMARK [1][-]{section.1.1}{Background}{chapter.1}% 7
\BOOKMARK [1][-]{section.1.2}{Purpose}{chapter.1}% 8
\BOOKMARK [1][-]{section.1.3}{T\344nk p\345}{chapter.1}% 9
\BOOKMARK [1][-]{section.1.4}{Purpose}{chapter.1}% 10
\BOOKMARK [1][-]{section.1.5}{Purpose}{chapter.1}% 11
\BOOKMARK [1][-]{section.1.6}{Scope}{chapter.1}% 12
\BOOKMARK [1][-]{section.1.7}{Method}{chapter.1}% 13
\BOOKMARK [0][-]{chapter.2}{Method}{}% 14
\BOOKMARK [1][-]{section.2.1}{Contruction}{chapter.2}% 15
\BOOKMARK [1][-]{section.2.2}{Motor and Motor Control}{chapter.2}% 16
\BOOKMARK [1][-]{section.2.3}{Sensor Reading}{chapter.2}% 17
\BOOKMARK [1][-]{section.2.4}{System Control}{chapter.2}% 18
\BOOKMARK [0][-]{chapter.3}{Theory}{}% 19
\BOOKMARK [0][-]{chapter.4}{Demonstrator}{}% 20
\BOOKMARK [1][-]{section.4.1}{Problem Formulation}{chapter.4}% 21
\BOOKMARK [1][-]{section.4.2}{State space model}{chapter.4}% 22
\BOOKMARK [1][-]{section.4.3}{Software}{chapter.4}% 23
\BOOKMARK [1][-]{section.4.4}{Electronics}{chapter.4}% 24
\BOOKMARK [1][-]{section.4.5}{Hardware}{chapter.4}% 25
\BOOKMARK [1][-]{section.4.6}{Results}{chapter.4}% 26
\BOOKMARK [0][-]{chapter.5}{Discussion and conclusions}{}% 27
\BOOKMARK [1][-]{section.5.1}{Discussion}{chapter.5}% 28
\BOOKMARK [1][-]{section.5.2}{Conclusions}{chapter.5}% 29
\BOOKMARK [0][-]{chapter.6}{Recommendations and future work}{}% 30
\BOOKMARK [1][-]{section.6.1}{Recommendations}{chapter.6}% 31
\BOOKMARK [1][-]{section.6.2}{Future work}{chapter.6}% 32
\BOOKMARK [0][-]{appendix.A}{Additional information}{}% 33
\BOOKMARK [0][-]{appendix.B}{Proofs}{}% 34
