This is pdfTeX, Version 3.14159265-2.6-1.40.15 (TeX Live 2014) (preloaded format=pdflatex 2015.2.9)  27 FEB 2015 16:54
entering extended mode
 restricted \write18 enabled.
 %&-line parsing enabled.
**Bachelors_Thesis.tex
(./Bachelors_Thesis.tex
LaTeX2e <2014/05/01>
Babel <3.9k> and hyphenation patterns for 78 languages loaded.
(./kth-mag.cls
Document Class: kth-mag 2004/12/14 v2.1 Document Class for KTH Theses
(./memoir.cls
Document Class: memoir 2004/04/05 v1.61 configurable document class
\onelineskip=\skip41
\lxvchars=\skip42
\xlvchars=\skip43
\@memcnta=\count79
\stockheight=\skip44
\stockwidth=\skip45
\trimtop=\skip46
\trimedge=\skip47
(./mem11.clo
File: mem11.clo 2002/07/27 v0.2 memoir class 11pt size option
)
\spinemargin=\skip48
\foremargin=\skip49
\uppermargin=\skip50
\lowermargin=\skip51
\headdrop=\skip52
\normalrulethickness=\skip53
\headwidth=\skip54
\c@storedpagenumber=\count80
\thanksmarkwidth=\skip55
\thanksmarksep=\skip56
\droptitle=\skip57
\abstitleskip=\skip58
\absleftindent=\skip59
\absrightindent=\skip60
\absparindent=\skip61
\absparsep=\skip62
\c@part=\count81
\c@chapter=\count82
\c@section=\count83
\c@subsection=\count84
\c@subsubsection=\count85
\c@paragraph=\count86
\c@subparagraph=\count87
\beforechapskip=\skip63
\midchapskip=\skip64
\afterchapskip=\skip65
\chapindent=\skip66
\bottomsectionskip=\skip67
\secindent=\skip68
\beforesecskip=\skip69
\aftersecskip=\skip70
\subsecindent=\skip71
\beforesubsecskip=\skip72
\aftersubsecskip=\skip73
\subsubsecindent=\skip74
\beforesubsubsecskip=\skip75
\aftersubsubsecskip=\skip76
\paraindent=\skip77
\beforeparaskip=\skip78
\afterparaskip=\skip79
\subparaindent=\skip80
\beforesubparaskip=\skip81
\aftersubparaskip=\skip82
\pfbreakskip=\skip83
\c@@ppsavesec=\count88
\c@@ppsaveapp=\count89
\ragrparindent=\dimen102
\parsepi=\skip84
\topsepi=\skip85
\itemsepi=\skip86
\parsepii=\skip87
\topsepii=\skip88
\topsepiii=\skip89
\m@msavetopsep=\skip90
\m@msavepartopsep=\skip91
\@enLab=\toks14
\c@vslineno=\count90
\c@poemline=\count91
\c@modulo@vs=\count92
\vleftskip=\skip92
\vrightskip=\skip93
\stanzaskip=\skip94
\versewidth=\skip95
\vgap=\skip96
\vindent=\skip97
\c@verse=\count93
\c@chrsinstr=\count94
\beforepoemtitleskip=\skip98
\afterpoemtitleskip=\skip99
\col@sep=\dimen103
\extrarowheight=\dimen104
\NC@list=\toks15
\extratabsurround=\skip100
\backup@length=\skip101
\TX@col@width=\dimen105
\TX@old@table=\dimen106
\TX@old@col=\dimen107
\TX@target=\dimen108
\TX@delta=\dimen109
\TX@cols=\count95
\TX@ftn=\toks16
\heavyrulewidth=\dimen110
\lightrulewidth=\dimen111
\cmidrulewidth=\dimen112
\belowrulesep=\dimen113
\belowbottomsep=\dimen114
\aboverulesep=\dimen115
\abovetopsep=\dimen116
\cmidrulesep=\dimen117
\cmidrulekern=\dimen118
\defaultaddspace=\dimen119
\@cmidla=\count96
\@cmidlb=\count97
\@aboverulesep=\dimen120
\@belowrulesep=\dimen121
\@thisruleclass=\count98
\@lastruleclass=\count99
\@thisrulewidth=\dimen122
\ctableftskip=\skip102
\ctabrightskip=\skip103
\abovecolumnspenalty=\count100
\@linestogo=\count101
\@cellstogo=\count102
\@cellsincolumn=\count103
\crtok=\toks17
\@mincolumnwidth=\dimen123
\c@newflo@tctr=\count104
\@contcwidth=\skip104
\@contindw=\skip105
\abovecaptionskip=\skip106
\belowcaptionskip=\skip107
\subfloattopskip=\skip108
\subfloatcapskip=\skip109
\subfloatcaptopadj=\skip110
\subfloatbottomskip=\skip111
\subfloatlabelskip=\skip112
\subfloatcapmargin=\dimen124
\c@@contsubnum=\count105
\beforeepigraphskip=\skip113
\afterepigraphskip=\skip114
\epigraphwidth=\skip115
\epigraphrule=\skip116
LaTeX Info: Redefining \emph on input line 4419.
LaTeX Info: Redefining \em on input line 4420.
\tocentryskip=\skip117
\tocbaseline=\skip118
\cftparskip=\skip119
\cftbeforepartskip=\skip120
\cftpartindent=\skip121
\cftpartnumwidth=\skip122
\cftbeforechapterskip=\skip123
\cftchapterindent=\skip124
\cftchapternumwidth=\skip125
\cftbeforesectionskip=\skip126
\cftsectionindent=\skip127
\cftsectionnumwidth=\skip128
\cftbeforesubsectionskip=\skip129
\cftsubsectionindent=\skip130
\cftsubsectionnumwidth=\skip131
\cftbeforesubsubsectionskip=\skip132
\cftsubsubsectionindent=\skip133
\cftsubsubsectionnumwidth=\skip134
\cftbeforeparagraphskip=\skip135
\cftparagraphindent=\skip136
\cftparagraphnumwidth=\skip137
\cftbeforesubparagraphskip=\skip138
\cftsubparagraphindent=\skip139
\cftsubparagraphnumwidth=\skip140
\c@maxsecnumdepth=\count106
\bibindent=\dimen125
\bibitemsep=\skip141
\indexcolsep=\skip142
\indexrule=\skip143
\indexmarkstyle=\toks18
\@indexbox=\insert233
\sideparvshift=\skip144
\sideins=\insert232
\sidebarhsep=\skip145
\sidebarvsep=\skip146
\sidebarwidth=\skip147
\footmarkwidth=\skip148
\footmarksep=\skip149
\footparindent=\skip150
\footinsdim=\skip151
\footinsv@r=\insert231
\@mpfootinsv@r=\insert230
\m@m@k=\count107
\m@m@h=\dimen126
\m@mipn@skip=\skip152
\c@sheetsequence=\count108
\c@lastsheet=\count109
\c@lastpage=\count110
\every@verbatim=\toks19
\afterevery@verbatim=\toks20
\verbatim@line=\toks21
\tab@position=\count111
\verbatim@in@stream=\read1
\verbatimindent=\skip153
\verbatim@out=\write3
\bvboxsep=\skip154
\c@bvlinectr=\count112
\bvnumlength=\skip155
\FrameRule=\dimen127
\FrameSep=\dimen128
\c@cp@cntr=\count113
LaTeX Info: Redefining \: on input line 7541.
LaTeX Info: Redefining \! on input line 7543.
\c@ism@mctr=\count114
\c@xsm@mctr=\count115
\c@csm@mctr=\count116
\c@ksm@mctr=\count117
\c@xksm@mctr=\count118
\c@cksm@mctr=\count119
\c@msm@mctr=\count120
\c@xmsm@mctr=\count121
\c@cmsm@mctr=\count122
\c@bsm@mctr=\count123
\c@workm@mctr=\count124
\c@figure=\count125
\c@lofdepth=\count126
\c@lofdepth=\count126
\cftbeforefigureskip=\skip156
\cftfigureindent=\skip157
\cftfigurenumwidth=\skip158
\c@table=\count126
\c@lotdepth=\count127
\c@lotdepth=\count127
\cftbeforetableskip=\skip159
\cfttableindent=\skip160
\cfttablenumwidth=\skip161
 (/usr/local/texlive/2014/texmf-dist/tex/latex/memoir/mempatch.sty

LaTeX Warning: You have requested document class `memoir',
               but the document class provides `mempatch'.

Document Class: mempatch 2009/07/24 v6.0f Patches for memoir class v1.6180339
))

******************************************************
Stock height and width: 845.04684pt by 597.50787pt
Top and edge trims: 0.0pt and 0.0pt
Page height and width: 845.04684pt by 597.50787pt
Text height and width: 595.80026pt by 396.0pt
Spine and edge margins: 100.75394pt and 100.75394pt
Upper and lower margins: 128.52342pt and 120.72316pt
Headheight and headsep: 13.6pt and 19.8738pt
Footskip: 27.46295pt
Columnsep and columnseprule: 10.0pt and 0.0pt
Marginparsep and marginparwidth: 7.0pt and 101.0pt
******************************************************

) (/usr/local/texlive/2014/texmf-dist/tex/latex/base/fontenc.sty
Package: fontenc 2005/09/27 v1.99g Standard LaTeX package

(/usr/local/texlive/2014/texmf-dist/tex/latex/base/t1enc.def
File: t1enc.def 2005/09/27 v1.99g Standard LaTeX file
LaTeX Font Info:    Redeclaring font encoding T1 on input line 43.
))
(/usr/local/texlive/2014/texmf-dist/tex/latex/base/textcomp.sty
Package: textcomp 2005/09/27 v1.99g Standard LaTeX package
Package textcomp Info: Sub-encoding information:
(textcomp)               5 = only ISO-Adobe without \textcurrency
(textcomp)               4 = 5 + \texteuro
(textcomp)               3 = 4 + \textohm
(textcomp)               2 = 3 + \textestimated + \textcurrency
(textcomp)               1 = TS1 - \textcircled - \t
(textcomp)               0 = TS1 (full)
(textcomp)             Font families with sub-encoding setting implement
(textcomp)             only a restricted character set as indicated.
(textcomp)             Family '?' is the default used for unknown fonts.
(textcomp)             See the documentation for details.
Package textcomp Info: Setting ? sub-encoding to TS1/1 on input line 71.

(/usr/local/texlive/2014/texmf-dist/tex/latex/base/ts1enc.def
File: ts1enc.def 2001/06/05 v3.0e (jk/car/fm) Standard LaTeX file
)
LaTeX Info: Redefining \oldstylenums on input line 266.
Package textcomp Info: Setting cmr sub-encoding to TS1/0 on input line 281.
Package textcomp Info: Setting cmss sub-encoding to TS1/0 on input line 282.
Package textcomp Info: Setting cmtt sub-encoding to TS1/0 on input line 283.
Package textcomp Info: Setting cmvtt sub-encoding to TS1/0 on input line 284.
Package textcomp Info: Setting cmbr sub-encoding to TS1/0 on input line 285.
Package textcomp Info: Setting cmtl sub-encoding to TS1/0 on input line 286.
Package textcomp Info: Setting ccr sub-encoding to TS1/0 on input line 287.
Package textcomp Info: Setting ptm sub-encoding to TS1/4 on input line 288.
Package textcomp Info: Setting pcr sub-encoding to TS1/4 on input line 289.
Package textcomp Info: Setting phv sub-encoding to TS1/4 on input line 290.
Package textcomp Info: Setting ppl sub-encoding to TS1/3 on input line 291.
Package textcomp Info: Setting pag sub-encoding to TS1/4 on input line 292.
Package textcomp Info: Setting pbk sub-encoding to TS1/4 on input line 293.
Package textcomp Info: Setting pnc sub-encoding to TS1/4 on input line 294.
Package textcomp Info: Setting pzc sub-encoding to TS1/4 on input line 295.
Package textcomp Info: Setting bch sub-encoding to TS1/4 on input line 296.
Package textcomp Info: Setting put sub-encoding to TS1/5 on input line 297.
Package textcomp Info: Setting uag sub-encoding to TS1/5 on input line 298.
Package textcomp Info: Setting ugq sub-encoding to TS1/5 on input line 299.
Package textcomp Info: Setting ul8 sub-encoding to TS1/4 on input line 300.
Package textcomp Info: Setting ul9 sub-encoding to TS1/4 on input line 301.
Package textcomp Info: Setting augie sub-encoding to TS1/5 on input line 302.
Package textcomp Info: Setting dayrom sub-encoding to TS1/3 on input line 303.
Package textcomp Info: Setting dayroms sub-encoding to TS1/3 on input line 304.

Package textcomp Info: Setting pxr sub-encoding to TS1/0 on input line 305.
Package textcomp Info: Setting pxss sub-encoding to TS1/0 on input line 306.
Package textcomp Info: Setting pxtt sub-encoding to TS1/0 on input line 307.
Package textcomp Info: Setting txr sub-encoding to TS1/0 on input line 308.
Package textcomp Info: Setting txss sub-encoding to TS1/0 on input line 309.
Package textcomp Info: Setting txtt sub-encoding to TS1/0 on input line 310.
Package textcomp Info: Setting lmr sub-encoding to TS1/0 on input line 311.
Package textcomp Info: Setting lmdh sub-encoding to TS1/0 on input line 312.
Package textcomp Info: Setting lmss sub-encoding to TS1/0 on input line 313.
Package textcomp Info: Setting lmssq sub-encoding to TS1/0 on input line 314.
Package textcomp Info: Setting lmvtt sub-encoding to TS1/0 on input line 315.
Package textcomp Info: Setting qhv sub-encoding to TS1/0 on input line 316.
Package textcomp Info: Setting qag sub-encoding to TS1/0 on input line 317.
Package textcomp Info: Setting qbk sub-encoding to TS1/0 on input line 318.
Package textcomp Info: Setting qcr sub-encoding to TS1/0 on input line 319.
Package textcomp Info: Setting qcs sub-encoding to TS1/0 on input line 320.
Package textcomp Info: Setting qpl sub-encoding to TS1/0 on input line 321.
Package textcomp Info: Setting qtm sub-encoding to TS1/0 on input line 322.
Package textcomp Info: Setting qzc sub-encoding to TS1/0 on input line 323.
Package textcomp Info: Setting qhvc sub-encoding to TS1/0 on input line 324.
Package textcomp Info: Setting futs sub-encoding to TS1/4 on input line 325.
Package textcomp Info: Setting futx sub-encoding to TS1/4 on input line 326.
Package textcomp Info: Setting futj sub-encoding to TS1/4 on input line 327.
Package textcomp Info: Setting hlh sub-encoding to TS1/3 on input line 328.
Package textcomp Info: Setting hls sub-encoding to TS1/3 on input line 329.
Package textcomp Info: Setting hlst sub-encoding to TS1/3 on input line 330.
Package textcomp Info: Setting hlct sub-encoding to TS1/5 on input line 331.
Package textcomp Info: Setting hlx sub-encoding to TS1/5 on input line 332.
Package textcomp Info: Setting hlce sub-encoding to TS1/5 on input line 333.
Package textcomp Info: Setting hlcn sub-encoding to TS1/5 on input line 334.
Package textcomp Info: Setting hlcw sub-encoding to TS1/5 on input line 335.
Package textcomp Info: Setting hlcf sub-encoding to TS1/5 on input line 336.
Package textcomp Info: Setting pplx sub-encoding to TS1/3 on input line 337.
Package textcomp Info: Setting pplj sub-encoding to TS1/3 on input line 338.
Package textcomp Info: Setting ptmx sub-encoding to TS1/4 on input line 339.
Package textcomp Info: Setting ptmj sub-encoding to TS1/4 on input line 340.
)
(/usr/local/texlive/2014/texmf-dist/tex/latex/lm/lmodern.sty
Package: lmodern 2009/10/30 v1.6 Latin Modern Fonts
LaTeX Font Info:    Overwriting symbol font `operators' in version `normal'
(Font)                  OT1/cmr/m/n --> OT1/lmr/m/n on input line 22.
LaTeX Font Info:    Overwriting symbol font `letters' in version `normal'
(Font)                  OML/cmm/m/it --> OML/lmm/m/it on input line 23.
LaTeX Font Info:    Overwriting symbol font `symbols' in version `normal'
(Font)                  OMS/cmsy/m/n --> OMS/lmsy/m/n on input line 24.
LaTeX Font Info:    Overwriting symbol font `largesymbols' in version `normal'
(Font)                  OMX/cmex/m/n --> OMX/lmex/m/n on input line 25.
LaTeX Font Info:    Overwriting symbol font `operators' in version `bold'
(Font)                  OT1/cmr/bx/n --> OT1/lmr/bx/n on input line 26.
LaTeX Font Info:    Overwriting symbol font `letters' in version `bold'
(Font)                  OML/cmm/b/it --> OML/lmm/b/it on input line 27.
LaTeX Font Info:    Overwriting symbol font `symbols' in version `bold'
(Font)                  OMS/cmsy/b/n --> OMS/lmsy/b/n on input line 28.
LaTeX Font Info:    Overwriting symbol font `largesymbols' in version `bold'
(Font)                  OMX/cmex/m/n --> OMX/lmex/m/n on input line 29.
LaTeX Font Info:    Overwriting math alphabet `\mathbf' in version `normal'
(Font)                  OT1/cmr/bx/n --> OT1/lmr/bx/n on input line 31.
LaTeX Font Info:    Overwriting math alphabet `\mathsf' in version `normal'
(Font)                  OT1/cmss/m/n --> OT1/lmss/m/n on input line 32.
LaTeX Font Info:    Overwriting math alphabet `\mathit' in version `normal'
(Font)                  OT1/cmr/m/it --> OT1/lmr/m/it on input line 33.
LaTeX Font Info:    Overwriting math alphabet `\mathtt' in version `normal'
(Font)                  OT1/cmtt/m/n --> OT1/lmtt/m/n on input line 34.
LaTeX Font Info:    Overwriting math alphabet `\mathbf' in version `bold'
(Font)                  OT1/cmr/bx/n --> OT1/lmr/bx/n on input line 35.
LaTeX Font Info:    Overwriting math alphabet `\mathsf' in version `bold'
(Font)                  OT1/cmss/bx/n --> OT1/lmss/bx/n on input line 36.
LaTeX Font Info:    Overwriting math alphabet `\mathit' in version `bold'
(Font)                  OT1/cmr/bx/it --> OT1/lmr/bx/it on input line 37.
LaTeX Font Info:    Overwriting math alphabet `\mathtt' in version `bold'
(Font)                  OT1/cmtt/m/n --> OT1/lmtt/m/n on input line 38.
)
(/usr/local/texlive/2014/texmf-dist/tex/latex/base/inputenc.sty
Package: inputenc 2014/04/30 v1.2b Input encoding file
\inpenc@prehook=\toks22
\inpenc@posthook=\toks23

(/usr/local/texlive/2014/texmf-dist/tex/latex/base/latin1.def
File: latin1.def 2014/04/30 v1.2b Input encoding file
))
(/usr/local/texlive/2014/texmf-dist/tex/generic/babel/babel.sty
Package: babel 2014/03/24 3.9k The Babel package

(/usr/local/texlive/2014/texmf-dist/tex/generic/babel-swedish/swedish.ldf
Language: swedish 2005/03/31 v2.3d Swedish support from the babel system

(/usr/local/texlive/2014/texmf-dist/tex/generic/babel/babel.def
File: babel.def 2014/03/24 3.9k Babel common definitions
\babel@savecnt=\count127
\U@D=\dimen129
)
Package babel Info: Making " an active character on input line 90.
)
(/usr/local/texlive/2014/texmf-dist/tex/generic/babel-english/english.ldf
Language: english 2012/08/20 v3.3p English support from the babel system
\l@canadian = a dialect from \language\l@american 
\l@australian = a dialect from \language\l@british 
\l@newzealand = a dialect from \language\l@british 
))
(./modifications.sty
Package: modifications 2005/10/21
)
(/usr/local/texlive/2014/texmf-dist/tex/latex/amsmath/amsmath.sty
Package: amsmath 2013/01/14 v2.14 AMS math features
\@mathmargin=\skip162

For additional information on amsmath, use the `?' option.
(/usr/local/texlive/2014/texmf-dist/tex/latex/amsmath/amstext.sty
Package: amstext 2000/06/29 v2.01

(/usr/local/texlive/2014/texmf-dist/tex/latex/amsmath/amsgen.sty
File: amsgen.sty 1999/11/30 v2.0
\@emptytoks=\toks24
\ex@=\dimen130
))
(/usr/local/texlive/2014/texmf-dist/tex/latex/amsmath/amsbsy.sty
Package: amsbsy 1999/11/29 v1.2d
\pmbraise@=\dimen131
)
(/usr/local/texlive/2014/texmf-dist/tex/latex/amsmath/amsopn.sty
Package: amsopn 1999/12/14 v2.01 operator names
)
\inf@bad=\count128
LaTeX Info: Redefining \frac on input line 210.
\uproot@=\count129
\leftroot@=\count130
LaTeX Info: Redefining \overline on input line 306.
\classnum@=\count131
\DOTSCASE@=\count132
LaTeX Info: Redefining \ldots on input line 378.
LaTeX Info: Redefining \dots on input line 381.
LaTeX Info: Redefining \cdots on input line 466.
\Mathstrutbox@=\box26
\strutbox@=\box27
\big@size=\dimen132
LaTeX Font Info:    Redeclaring font encoding OML on input line 566.
LaTeX Font Info:    Redeclaring font encoding OMS on input line 567.
\macc@depth=\count133
\c@MaxMatrixCols=\count134
\dotsspace@=\muskip10
\c@parentequation=\count135
\dspbrk@lvl=\count136
\tag@help=\toks25
\row@=\count137
\column@=\count138
\maxfields@=\count139
\andhelp@=\toks26
\eqnshift@=\dimen133
\alignsep@=\dimen134
\tagshift@=\dimen135
\tagwidth@=\dimen136
\totwidth@=\dimen137
\lineht@=\dimen138
\@envbody=\toks27
\multlinegap=\skip163
\multlinetaggap=\skip164
\mathdisplay@stack=\toks28
LaTeX Info: Redefining \[ on input line 2665.
LaTeX Info: Redefining \] on input line 2666.
)
(/usr/local/texlive/2014/texmf-dist/tex/generic/oberdiek/ifpdf.sty
Package: ifpdf 2011/01/30 v2.3 Provides the ifpdf switch (HO)
Package ifpdf Info: pdfTeX in PDF mode is detected.
)
(/usr/local/texlive/2014/texmf-dist/tex/latex/hyperref/hyperref.sty
Package: hyperref 2012/11/06 v6.83m Hypertext links for LaTeX

(/usr/local/texlive/2014/texmf-dist/tex/generic/oberdiek/hobsub-hyperref.sty
Package: hobsub-hyperref 2012/05/28 v1.13 Bundle oberdiek, subset hyperref (HO)


(/usr/local/texlive/2014/texmf-dist/tex/generic/oberdiek/hobsub-generic.sty
Package: hobsub-generic 2012/05/28 v1.13 Bundle oberdiek, subset generic (HO)
Package: hobsub 2012/05/28 v1.13 Construct package bundles (HO)
Package: infwarerr 2010/04/08 v1.3 Providing info/warning/error messages (HO)
Package: ltxcmds 2011/11/09 v1.22 LaTeX kernel commands for general use (HO)
Package: ifluatex 2010/03/01 v1.3 Provides the ifluatex switch (HO)
Package ifluatex Info: LuaTeX not detected.
Package: ifvtex 2010/03/01 v1.5 Detect VTeX and its facilities (HO)
Package ifvtex Info: VTeX not detected.
Package: intcalc 2007/09/27 v1.1 Expandable calculations with integers (HO)
Package hobsub Info: Skipping package `ifpdf' (already loaded).
Package: etexcmds 2011/02/16 v1.5 Avoid name clashes with e-TeX commands (HO)
Package etexcmds Info: Could not find \expanded.
(etexcmds)             That can mean that you are not using pdfTeX 1.50 or
(etexcmds)             that some package has redefined \expanded.
(etexcmds)             In the latter case, load this package earlier.
Package: kvsetkeys 2012/04/25 v1.16 Key value parser (HO)
Package: kvdefinekeys 2011/04/07 v1.3 Define keys (HO)
Package: pdftexcmds 2011/11/29 v0.20 Utility functions of pdfTeX for LuaTeX (HO
)
Package pdftexcmds Info: LuaTeX not detected.
Package pdftexcmds Info: \pdf@primitive is available.
Package pdftexcmds Info: \pdf@ifprimitive is available.
Package pdftexcmds Info: \pdfdraftmode found.
Package: pdfescape 2011/11/25 v1.13 Implements pdfTeX's escape features (HO)
Package: bigintcalc 2012/04/08 v1.3 Expandable calculations on big integers (HO
)
Package: bitset 2011/01/30 v1.1 Handle bit-vector datatype (HO)
Package: uniquecounter 2011/01/30 v1.2 Provide unlimited unique counter (HO)
)
Package hobsub Info: Skipping package `hobsub' (already loaded).
Package: letltxmacro 2010/09/02 v1.4 Let assignment for LaTeX macros (HO)
Package: hopatch 2012/05/28 v1.2 Wrapper for package hooks (HO)
Package: xcolor-patch 2011/01/30 xcolor patch
Package: atveryend 2011/06/30 v1.8 Hooks at the very end of document (HO)
Package atveryend Info: \enddocument detected (standard20110627).
Package: atbegshi 2011/10/05 v1.16 At begin shipout hook (HO)
Package: refcount 2011/10/16 v3.4 Data extraction from label references (HO)
Package: hycolor 2011/01/30 v1.7 Color options for hyperref/bookmark (HO)
)
(/usr/local/texlive/2014/texmf-dist/tex/latex/graphics/keyval.sty
Package: keyval 2014/05/08 v1.15 key=value parser (DPC)
\KV@toks@=\toks29
)
(/usr/local/texlive/2014/texmf-dist/tex/generic/ifxetex/ifxetex.sty
Package: ifxetex 2010/09/12 v0.6 Provides ifxetex conditional
)
(/usr/local/texlive/2014/texmf-dist/tex/latex/oberdiek/auxhook.sty
Package: auxhook 2011/03/04 v1.3 Hooks for auxiliary files (HO)
)
(/usr/local/texlive/2014/texmf-dist/tex/latex/oberdiek/kvoptions.sty
Package: kvoptions 2011/06/30 v3.11 Key value format for package options (HO)
)
\@linkdim=\dimen139
\Hy@linkcounter=\count140
\Hy@pagecounter=\count141

(/usr/local/texlive/2014/texmf-dist/tex/latex/hyperref/pd1enc.def
File: pd1enc.def 2012/11/06 v6.83m Hyperref: PDFDocEncoding definition (HO)
)
\Hy@SavedSpaceFactor=\count142

(/usr/local/texlive/2014/texmf-dist/tex/latex/latexconfig/hyperref.cfg
File: hyperref.cfg 2002/06/06 v1.2 hyperref configuration of TeXLive
)
Package hyperref Info: Option `breaklinks' set `true' on input line 4319.
Package hyperref Info: Hyper figures OFF on input line 4443.
Package hyperref Info: Link nesting OFF on input line 4448.
Package hyperref Info: Hyper index ON on input line 4451.
Package hyperref Info: Plain pages OFF on input line 4458.
Package hyperref Info: Backreferencing OFF on input line 4463.
Package hyperref Info: Implicit mode ON; LaTeX internals redefined.
Package hyperref Info: Bookmarks ON on input line 4688.
\c@Hy@tempcnt=\count143

(/usr/local/texlive/2014/texmf-dist/tex/latex/url/url.sty
\Urlmuskip=\muskip11
Package: url 2013/09/16  ver 3.4  Verb mode for urls, etc.
)
LaTeX Info: Redefining \url on input line 5041.
\XeTeXLinkMargin=\dimen140
\Fld@menulength=\count144
\Field@Width=\dimen141
\Fld@charsize=\dimen142
Package hyperref Info: Hyper figures OFF on input line 6295.
Package hyperref Info: Link nesting OFF on input line 6300.
Package hyperref Info: Hyper index ON on input line 6303.
Package hyperref Info: backreferencing OFF on input line 6310.
Package hyperref Info: Link coloring OFF on input line 6315.
Package hyperref Info: Link coloring with OCG OFF on input line 6320.
Package hyperref Info: PDF/A mode OFF on input line 6325.
LaTeX Info: Redefining \ref on input line 6365.
LaTeX Info: Redefining \pageref on input line 6369.
\Hy@abspage=\count145
\c@Item=\count146
\c@Hfootnote=\count147
) (./memhfixc.sty
Package: memhfixc 2004/05/13 v1.6 package fixes for memoir class
)

Package hyperref Message: Driver (autodetected): hpdftex.

(/usr/local/texlive/2014/texmf-dist/tex/latex/hyperref/hpdftex.def
File: hpdftex.def 2012/11/06 v6.83m Hyperref driver for pdfTeX
\Fld@listcount=\count148
\c@bookmark@seq@number=\count149

(/usr/local/texlive/2014/texmf-dist/tex/latex/oberdiek/rerunfilecheck.sty
Package: rerunfilecheck 2011/04/15 v1.7 Rerun checks for auxiliary files (HO)
Package uniquecounter Info: New unique counter `rerunfilecheck' on input line 2
82.
)
\Hy@SectionHShift=\skip165
)
(/usr/local/texlive/2014/texmf-dist/tex/latex/breakcites/breakcites.sty)
(/usr/local/texlive/2014/texmf-dist/tex/latex/pdfpages/pdfpages.sty
Package: pdfpages 2013/08/25 v0.4v Insert pages of external PDF documents (AM)

(/usr/local/texlive/2014/texmf-dist/tex/latex/base/ifthen.sty
Package: ifthen 2001/05/26 v1.1c Standard LaTeX ifthen package (DPC)
)
(/usr/local/texlive/2014/texmf-dist/tex/latex/tools/calc.sty
Package: calc 2007/08/22 v4.3 Infix arithmetic (KKT,FJ)
\calc@Acount=\count150
\calc@Bcount=\count151
\calc@Adimen=\dimen143
\calc@Bdimen=\dimen144
\calc@Askip=\skip166
\calc@Bskip=\skip167
LaTeX Info: Redefining \setlength on input line 75.
LaTeX Info: Redefining \addtolength on input line 76.
\calc@Ccount=\count152
\calc@Cskip=\skip168
)
(/usr/local/texlive/2014/texmf-dist/tex/latex/eso-pic/eso-pic.sty
Package: eso-pic 2013/10/06 v2.0d eso-pic (RN)

(/usr/local/texlive/2014/texmf-dist/tex/latex/xcolor/xcolor.sty
Package: xcolor 2007/01/21 v2.11 LaTeX color extensions (UK)

(/usr/local/texlive/2014/texmf-dist/tex/latex/latexconfig/color.cfg
File: color.cfg 2007/01/18 v1.5 color configuration of teTeX/TeXLive
)
Package xcolor Info: Driver file: pdftex.def on input line 225.

(/usr/local/texlive/2014/texmf-dist/tex/latex/pdftex-def/pdftex.def
File: pdftex.def 2011/05/27 v0.06d Graphics/color for pdfTeX
\Gread@gobject=\count153
)
Package xcolor Info: Model `cmy' substituted by `cmy0' on input line 1337.
Package xcolor Info: Model `hsb' substituted by `rgb' on input line 1341.
Package xcolor Info: Model `RGB' extended on input line 1353.
Package xcolor Info: Model `HTML' substituted by `rgb' on input line 1355.
Package xcolor Info: Model `Hsb' substituted by `hsb' on input line 1356.
Package xcolor Info: Model `tHsb' substituted by `hsb' on input line 1357.
Package xcolor Info: Model `HSB' substituted by `hsb' on input line 1358.
Package xcolor Info: Model `Gray' substituted by `gray' on input line 1359.
Package xcolor Info: Model `wave' substituted by `hsb' on input line 1360.
))
(/usr/local/texlive/2014/texmf-dist/tex/latex/graphics/graphicx.sty
Package: graphicx 2014/04/25 v1.0g Enhanced LaTeX Graphics (DPC,SPQR)

(/usr/local/texlive/2014/texmf-dist/tex/latex/graphics/graphics.sty
Package: graphics 2009/02/05 v1.0o Standard LaTeX Graphics (DPC,SPQR)

(/usr/local/texlive/2014/texmf-dist/tex/latex/graphics/trig.sty
Package: trig 1999/03/16 v1.09 sin cos tan (DPC)
)
(/usr/local/texlive/2014/texmf-dist/tex/latex/latexconfig/graphics.cfg
File: graphics.cfg 2010/04/23 v1.9 graphics configuration of TeX Live
)
Package graphics Info: Driver file: pdftex.def on input line 91.
)
\Gin@req@height=\dimen145
\Gin@req@width=\dimen146
)
(/usr/local/texlive/2014/texmf-dist/tex/latex/pdfpages/pppdftex.def
File: pppdftex.def 2013/08/25 v0.4v Pdfpages driver for pdfTeX (AM)
)
\AM@pagebox=\box28
\AM@toc@title=\toks30
\c@AM@survey=\count154
\AM@templatesizebox=\box29
)
(./Bachelors_Thesis.aux)
\openout1 = `Bachelors_Thesis.aux'.

LaTeX Font Info:    Checking defaults for OML/cmm/m/it on input line 31.
LaTeX Font Info:    ... okay on input line 31.
LaTeX Font Info:    Checking defaults for T1/cmr/m/n on input line 31.
LaTeX Font Info:    ... okay on input line 31.
LaTeX Font Info:    Checking defaults for OT1/cmr/m/n on input line 31.
LaTeX Font Info:    ... okay on input line 31.
LaTeX Font Info:    Checking defaults for OMS/cmsy/m/n on input line 31.
LaTeX Font Info:    ... okay on input line 31.
LaTeX Font Info:    Checking defaults for OMX/cmex/m/n on input line 31.
LaTeX Font Info:    ... okay on input line 31.
LaTeX Font Info:    Checking defaults for U/cmr/m/n on input line 31.
LaTeX Font Info:    ... okay on input line 31.
LaTeX Font Info:    Checking defaults for TS1/cmr/m/n on input line 31.
LaTeX Font Info:    Try loading font information for TS1+cmr on input line 31.

(/usr/local/texlive/2014/texmf-dist/tex/latex/base/ts1cmr.fd
File: ts1cmr.fd 1999/05/25 v2.5h Standard LaTeX font definitions
)
LaTeX Font Info:    ... okay on input line 31.
LaTeX Font Info:    Checking defaults for PD1/pdf/m/n on input line 31.
LaTeX Font Info:    ... okay on input line 31.
LaTeX Font Info:    Try loading font information for T1+lmr on input line 31.

(/usr/local/texlive/2014/texmf-dist/tex/latex/lm/t1lmr.fd
File: t1lmr.fd 2009/10/30 v1.6 Font defs for Latin Modern
)
\c@lofdepth=\count155
\c@lotdepth=\count156
\AtBeginShipoutBox=\box30
Package hyperref Info: Link coloring OFF on input line 31.

(/usr/local/texlive/2014/texmf-dist/tex/latex/hyperref/nameref.sty
Package: nameref 2012/10/27 v2.43 Cross-referencing by name of section

(/usr/local/texlive/2014/texmf-dist/tex/generic/oberdiek/gettitlestring.sty
Package: gettitlestring 2010/12/03 v1.4 Cleanup title references (HO)
)
\c@section@level=\count157
)
LaTeX Info: Redefining \ref on input line 31.
LaTeX Info: Redefining \pageref on input line 31.
LaTeX Info: Redefining \nameref on input line 31.

(./Bachelors_Thesis.out) (./Bachelors_Thesis.out)
\@outlinefile=\write4
\openout4 = `Bachelors_Thesis.out'.


(/usr/local/texlive/2014/texmf-dist/tex/context/base/supp-pdf.mkii
[Loading MPS to PDF converter (version 2006.09.02).]
\scratchcounter=\count158
\scratchdimen=\dimen147
\scratchbox=\box31
\nofMPsegments=\count159
\nofMParguments=\count160
\everyMPshowfont=\toks31
\MPscratchCnt=\count161
\MPscratchDim=\dimen148
\MPnumerator=\count162
\makeMPintoPDFobject=\count163
\everyMPtoPDFconversion=\toks32
) (/usr/local/texlive/2014/texmf-dist/tex/latex/oberdiek/epstopdf-base.sty
Package: epstopdf-base 2010/02/09 v2.5 Base part for package epstopdf

(/usr/local/texlive/2014/texmf-dist/tex/latex/oberdiek/grfext.sty
Package: grfext 2010/08/19 v1.1 Manage graphics extensions (HO)
)
Package grfext Info: Graphics extension search list:
(grfext)             [.png,.pdf,.jpg,.mps,.jpeg,.jbig2,.jb2,.PNG,.PDF,.JPG,.JPE
G,.JBIG2,.JB2,.eps]
(grfext)             \AppendGraphicsExtensions on input line 452.

(/usr/local/texlive/2014/texmf-dist/tex/latex/latexconfig/epstopdf-sys.cfg
File: epstopdf-sys.cfg 2010/07/13 v1.3 Configuration of (r)epstopdf for TeX Liv
e
))
LaTeX Font Info:    Try loading font information for T1+lmss on input line 41.

(/usr/local/texlive/2014/texmf-dist/tex/latex/lm/t1lmss.fd
File: t1lmss.fd 2009/10/30 v1.6 Font defs for Latin Modern
)
Package epstopdf Info: Source file: <KTH_Logotyp_PMS_2013.eps>
(epstopdf)                    date: 2013-04-18 13:42:00
(epstopdf)                    size: 749146 bytes
(epstopdf)             Output file: <KTH_Logotyp_PMS_2013-eps-converted-to.pdf>

(epstopdf)                    date: 2015-02-27 08:13:08
(epstopdf)                    size: 73174 bytes
(epstopdf)             Command: <repstopdf --outfile=KTH_Logotyp_PMS_2013-eps-c
onverted-to.pdf KTH_Logotyp_PMS_2013.eps>
(epstopdf)             \includegraphics on input line 41.
Package epstopdf Info: Output file is already uptodate.

<KTH_Logotyp_PMS_2013-eps-converted-to.pdf, id=106, 286.06876pt x 286.06876pt>
File: KTH_Logotyp_PMS_2013-eps-converted-to.pdf Graphic file (type pdf)

<use KTH_Logotyp_PMS_2013-eps-converted-to.pdf>
Package pdftex.def Info: KTH_Logotyp_PMS_2013-eps-converted-to.pdf used on inpu
t line 41.
(pdftex.def)             Requested size: 286.06805pt x 286.06805pt.
LaTeX Font Info:    Try loading font information for OT1+lmr on input line 41.

(/usr/local/texlive/2014/texmf-dist/tex/latex/lm/ot1lmr.fd
File: ot1lmr.fd 2009/10/30 v1.6 Font defs for Latin Modern
)
LaTeX Font Info:    Try loading font information for OML+lmm on input line 41.

(/usr/local/texlive/2014/texmf-dist/tex/latex/lm/omllmm.fd
File: omllmm.fd 2009/10/30 v1.6 Font defs for Latin Modern
)
LaTeX Font Info:    Try loading font information for OMS+lmsy on input line 41.


(/usr/local/texlive/2014/texmf-dist/tex/latex/lm/omslmsy.fd
File: omslmsy.fd 2009/10/30 v1.6 Font defs for Latin Modern
)
LaTeX Font Info:    Try loading font information for OMX+lmex on input line 41.


(/usr/local/texlive/2014/texmf-dist/tex/latex/lm/omxlmex.fd
File: omxlmex.fd 2009/10/30 v1.6 Font defs for Latin Modern
)
LaTeX Font Info:    External font `lmex10' loaded for size
(Font)              <10.95> on input line 41.
LaTeX Font Info:    External font `lmex10' loaded for size
(Font)              <8> on input line 41.
LaTeX Font Info:    External font `lmex10' loaded for size
(Font)              <6> on input line 41.
 [1



{/usr/local/texlive/2014/texmf-var/fonts/map/pdftex/updmap/pdftex.map} <./KTH_L
ogotyp_PMS_2013-eps-converted-to.pdf>] [2

]
Underfull \hbox (badness 10000) in paragraph at lines 42--53

 []

[3] [4

]
LaTeX Font Info:    External font `lmex10' loaded for size
(Font)              <10> on input line 55.
LaTeX Font Info:    External font `lmex10' loaded for size
(Font)              <7> on input line 55.
LaTeX Font Info:    External font `lmex10' loaded for size
(Font)              <5> on input line 55.
Package babel Info: Redefining swedish shorthand "|
(babel)             in language append on input line 56.
Package babel Info: Redefining swedish shorthand "~
(babel)             in language append on input line 56.
 [5] [6


]
Underfull \hbox (badness 10000) in paragraph at lines 65--68

 []


Underfull \hbox (badness 10000) in paragraph at lines 65--68

 []

[7] [8

]
No file Bachelors_Thesis.ind.
(./Bachelors_Thesis.toc
LaTeX Font Info:    External font `lmex10' loaded for size
(Font)              <12> on input line 30.

Underfull \vbox (badness 1147) has occurred while \output is active []

 [9])
[10]
Overfull \hbox (1.33226pt too wide) in paragraph at lines 94--94
[]|\T1/lmr/bx/n/10.95 Abbreviation| 
 []

[11


] [12

] <KTH_ITM_logo.png, id=200, 101.6598pt x 98.769pt>
File: KTH_ITM_logo.png Graphic file (type png)

<use KTH_ITM_logo.png>
Package pdftex.def Info: KTH_ITM_logo.png used on input line 122.
(pdftex.def)             Requested size: 101.65955pt x 98.76874pt.
LaTeX Font Info:    Try loading font information for TS1+lmr on input line 148.


(/usr/local/texlive/2014/texmf-dist/tex/latex/lm/ts1lmr.fd
File: ts1lmr.fd 2009/10/30 v1.6 Font defs for Latin Modern
) [1


 <./KTH_ITM_logo.png>]

LaTeX Warning: Citation `Angell1999' on page 2 undefined on input line 160.


LaTeX Warning: Citation `DeBorst2012' on page 2 undefined on input line 160.


LaTeX Warning: Citation `VanWezel2001' on page 2 undefined on input line 160.


LaTeX Warning: Citation `Angell1999' on page 2 undefined on input line 160.


LaTeX Warning: Citation `DeBorst2012' on page 2 undefined on input line 160.


LaTeX Warning: Citation `Eppinger2001' on page 2 undefined on input line 160.


LaTeX Warning: Citation `StandishGroup1994' on page 2 undefined on input line 1
60.


Underfull \hbox (badness 10000) in paragraph at lines 160--161

 []

[2] [3

] [4

] [5] [6] [7

] [8

]
Overfull \hbox (8.65875pt too wide) in paragraph at lines 219--220
\T1/lmr/m/it/10.95 I detta kapi-tel ges rek-om-men-da-tioner for mera de-tal-je
r-ade lös-ningar och/eller framtida
 []

[9] [10

]
No file Bachelors_Thesis.bbl.
[11


] [12

] [13] [14

] [15

]
\tf@toc=\write5
\openout5 = `Bachelors_Thesis.toc'.

Package atveryend Info: Empty hook `BeforeClearDocument' on input line 246.
Package atveryend Info: Empty hook `AfterLastShipout' on input line 246.
 (./Bachelors_Thesis.aux)
Package atveryend Info: Executing hook `AtVeryEndDocument' on input line 246.
Package atveryend Info: Executing hook `AtEndAfterFileList' on input line 246.
Package rerunfilecheck Info: File `Bachelors_Thesis.out' has not changed.
(rerunfilecheck)             Checksum: 63F234C645191DE7BB1D6735C906C425;1397.


LaTeX Warning: There were undefined references.

Package atveryend Info: Empty hook `AtVeryVeryEnd' on input line 246.
 ) 
Here is how much of TeX's memory you used:
 10213 strings out of 493117
 144774 string characters out of 6135434
 266153 words of memory out of 5000000
 13445 multiletter control sequences out of 15000+600000
 90907 words of font info for 60 fonts, out of 8000000 for 9000
 1141 hyphenation exceptions out of 8191
 37i,12n,39p,590b,537s stack positions out of 5000i,500n,10000p,200000b,80000s
{/usr/local/texlive/2014/texmf-dist/fonts/enc/dvips/lm/lm-mathex.enc}{/usr/lo
cal/texlive/2014/texmf-dist/fonts/enc/dvips/lm/lm-mathsy.enc}{/usr/local/texliv
e/2014/texmf-dist/fonts/enc/dvips/lm/lm-rm.enc}{/usr/local/texlive/2014/texmf-d
ist/fonts/enc/dvips/lm/lm-ts1.enc}{/usr/local/texlive/2014/texmf-dist/fonts/enc
/dvips/lm/lm-ec.enc}{/usr/local/texlive/2014/texmf-dist/fonts/enc/dvips/lm/lm-m
athit.enc}</usr/local/texlive/2014/texmf-dist/fonts/type1/public/lm/lmbx10.pfb>
</usr/local/texlive/2014/texmf-dist/fonts/type1/public/lm/lmbx12.pfb></usr/loca
l/texlive/2014/texmf-dist/fonts/type1/public/lm/lmbx9.pfb></usr/local/texlive/2
014/texmf-dist/fonts/type1/public/lm/lmex10.pfb></usr/local/texlive/2014/texmf-
dist/fonts/type1/public/lm/lmmi10.pfb></usr/local/texlive/2014/texmf-dist/fonts
/type1/public/lm/lmmi8.pfb></usr/local/texlive/2014/texmf-dist/fonts/type1/publ
ic/lm/lmr10.pfb></usr/local/texlive/2014/texmf-dist/fonts/type1/public/lm/lmr9.
pfb></usr/local/texlive/2014/texmf-dist/fonts/type1/public/lm/lmri10.pfb></usr/
local/texlive/2014/texmf-dist/fonts/type1/public/lm/lmss10.pfb></usr/local/texl
ive/2014/texmf-dist/fonts/type1/public/lm/lmss12.pfb></usr/local/texlive/2014/t
exmf-dist/fonts/type1/public/lm/lmssbx10.pfb></usr/local/texlive/2014/texmf-dis
t/fonts/type1/public/lm/lmssdc10.pfb></usr/local/texlive/2014/texmf-dist/fonts/
type1/public/lm/lmsy10.pfb>
Output written on Bachelors_Thesis.pdf (27 pages, 373243 bytes).
PDF statistics:
 350 PDF objects out of 1000 (max. 8388607)
 300 compressed objects within 3 object streams
 60 named destinations out of 1000 (max. 500000)
 219 words of extra memory for PDF output out of 10000 (max. 10000000)

