\BOOKMARK [0][-]{Doc-Start}{Abstract}{}% 1
\BOOKMARK [0][-]{Doc-Start}{Sammanfattning}{}% 2
\BOOKMARK [0][-]{chapter*.1}{Preface}{}% 3
\BOOKMARK [0][-]{chapter*.1}{Contents}{}% 4
\BOOKMARK [0][-]{chapter*.2}{Nomenclature}{}% 5
\BOOKMARK [0][-]{chapter.1}{Introduction}{}% 6
\BOOKMARK [1][-]{section.1.1}{Background}{chapter.1}% 7
\BOOKMARK [1][-]{section.1.2}{Purpose}{chapter.1}% 8
\BOOKMARK [1][-]{section.1.3}{Scope}{chapter.1}% 9
\BOOKMARK [1][-]{section.1.4}{Method}{chapter.1}% 10
\BOOKMARK [0][-]{chapter.2}{Theory}{}% 11
\BOOKMARK [0][-]{chapter.3}{Demonstrator}{}% 12
\BOOKMARK [1][-]{section.3.1}{Problem Formulation}{chapter.3}% 13
\BOOKMARK [1][-]{section.3.2}{Where does this go?}{chapter.3}% 14
\BOOKMARK [1][-]{section.3.3}{Software}{chapter.3}% 15
\BOOKMARK [1][-]{section.3.4}{Electronics}{chapter.3}% 16
\BOOKMARK [1][-]{section.3.5}{Hardware}{chapter.3}% 17
\BOOKMARK [1][-]{section.3.6}{Results}{chapter.3}% 18
\BOOKMARK [0][-]{chapter.4}{Discussion and conclusions}{}% 19
\BOOKMARK [1][-]{section.4.1}{Discussion}{chapter.4}% 20
\BOOKMARK [1][-]{section.4.2}{Conclusions}{chapter.4}% 21
\BOOKMARK [0][-]{chapter.5}{Recommendations and future work}{}% 22
\BOOKMARK [1][-]{section.5.1}{Recommendations}{chapter.5}% 23
\BOOKMARK [1][-]{section.5.2}{Future work}{chapter.5}% 24
\BOOKMARK [0][-]{appendix.A}{Additional information}{}% 25
\BOOKMARK [0][-]{appendix.B}{Proofs}{}% 26
